2021-06-20T17:41:08.931+0300 [DEBUG] [org.gradle.launcher.daemon.bootstrap.DaemonMain] Assuming the daemon was started with following jvm opts: [--add-opens, java.base/java.util=ALL-UNNAMED, --add-opens, java.base/java.lang=ALL-UNNAMED, --add-opens, java.base/java.lang.invoke=ALL-UNNAMED, --add-opens, java.prefs/java.util.prefs=ALL-UNNAMED, -Xmx2048m, -Dfile.encoding=UTF-8, -Duser.country=US, -Duser.language=en, -Duser.variant]
2021-06-20T17:41:09.481+0300 [INFO] [org.gradle.launcher.daemon.server.Daemon] start() called on daemon - DefaultDaemonContext[uid=f05c75ab-c788-4f75-b34f-e16f0c12a805,javaHome=/snap/android-studio/105/android-studio/jre,daemonRegistryDir=/home/sein/StudioProjects/schoolSchedulerNew/gradle/wrapper/gradle-wrapper/daemon,pid=4760,idleTimeout=10800000,priority=NORMAL,daemonOpts=--add-opens,java.base/java.util=ALL-UNNAMED,--add-opens,java.base/java.lang=ALL-UNNAMED,--add-opens,java.base/java.lang.invoke=ALL-UNNAMED,--add-opens,java.prefs/java.util.prefs=ALL-UNNAMED,-Xmx2048m,-Dfile.encoding=UTF-8,-Duser.country=US,-Duser.language=en,-Duser.variant]
2021-06-20T17:41:09.528+0300 [DEBUG] [org.gradle.internal.remote.internal.inet.InetAddresses] Adding IP addresses for network interface wlo1
2021-06-20T17:41:09.528+0300 [DEBUG] [org.gradle.internal.remote.internal.inet.InetAddresses] Is this a loopback interface? false
2021-06-20T17:41:09.529+0300 [DEBUG] [org.gradle.internal.remote.internal.inet.InetAddresses] Adding remote address /fe80:0:0:0:6aa0:70a5:4fb:760c%wlo1
2021-06-20T17:41:09.529+0300 [DEBUG] [org.gradle.internal.remote.internal.inet.InetAddresses] Adding remote address /192.168.43.76
2021-06-20T17:41:09.529+0300 [DEBUG] [org.gradle.internal.remote.internal.inet.InetAddresses] Adding IP addresses for network interface lo
2021-06-20T17:41:09.534+0300 [DEBUG] [org.gradle.internal.remote.internal.inet.InetAddresses] Is this a loopback interface? true
2021-06-20T17:41:09.534+0300 [DEBUG] [org.gradle.internal.remote.internal.inet.InetAddresses] Adding loopback address /0:0:0:0:0:0:0:1%lo
2021-06-20T17:41:09.535+0300 [DEBUG] [org.gradle.internal.remote.internal.inet.InetAddresses] Adding loopback address /127.0.0.1
2021-06-20T17:41:09.538+0300 [DEBUG] [org.gradle.internal.remote.internal.inet.TcpIncomingConnector] Listening on [bae61fa4-7bff-49ea-b0bd-d0d0baa140f6 port:36871, addresses:[localhost/127.0.0.1]].
2021-06-20T17:41:09.555+0300 [DEBUG] [org.gradle.launcher.daemon.server.Daemon] Daemon starting at: Sun Jun 20 17:41:09 EAT 2021, with address: [bae61fa4-7bff-49ea-b0bd-d0d0baa140f6 port:36871, addresses:[localhost/127.0.0.1]]
2021-06-20T17:41:09.556+0300 [INFO] [org.gradle.launcher.daemon.server.DaemonRegistryUpdater] Advertising the daemon address to the clients: [bae61fa4-7bff-49ea-b0bd-d0d0baa140f6 port:36871, addresses:[localhost/127.0.0.1]]
2021-06-20T17:41:09.558+0300 [DEBUG] [org.gradle.launcher.daemon.server.DaemonRegistryUpdater] Advertised daemon context: DefaultDaemonContext[uid=f05c75ab-c788-4f75-b34f-e16f0c12a805,javaHome=/snap/android-studio/105/android-studio/jre,daemonRegistryDir=/home/sein/StudioProjects/schoolSchedulerNew/gradle/wrapper/gradle-wrapper/daemon,pid=4760,idleTimeout=10800000,priority=NORMAL,daemonOpts=--add-opens,java.base/java.util=ALL-UNNAMED,--add-opens,java.base/java.lang=ALL-UNNAMED,--add-opens,java.base/java.lang.invoke=ALL-UNNAMED,--add-opens,java.prefs/java.util.prefs=ALL-UNNAMED,-Xmx2048m,-Dfile.encoding=UTF-8,-Duser.country=US,-Duser.language=en,-Duser.variant]
2021-06-20T17:41:09.561+0300 [DEBUG] [org.gradle.launcher.daemon.registry.PersistentDaemonRegistry] Storing daemon address: [bae61fa4-7bff-49ea-b0bd-d0d0baa140f6 port:36871, addresses:[localhost/127.0.0.1]], context: DefaultDaemonContext[uid=f05c75ab-c788-4f75-b34f-e16f0c12a805,javaHome=/snap/android-studio/105/android-studio/jre,daemonRegistryDir=/home/sein/StudioProjects/schoolSchedulerNew/gradle/wrapper/gradle-wrapper/daemon,pid=4760,idleTimeout=10800000,priority=NORMAL,daemonOpts=--add-opens,java.base/java.util=ALL-UNNAMED,--add-opens,java.base/java.lang=ALL-UNNAMED,--add-opens,java.base/java.lang.invoke=ALL-UNNAMED,--add-opens,java.prefs/java.util.prefs=ALL-UNNAMED,-Xmx2048m,-Dfile.encoding=UTF-8,-Duser.country=US,-Duser.language=en,-Duser.variant]
2021-06-20T17:41:09.572+0300 [DEBUG] [org.gradle.cache.internal.DefaultFileLockManager] Waiting to acquire exclusive lock on daemon addresses registry.
2021-06-20T17:41:09.579+0300 [DEBUG] [org.gradle.cache.internal.DefaultFileLockManager] Lock acquired on daemon addresses registry.
2021-06-20T17:41:09.586+0300 [DEBUG] [org.gradle.cache.internal.DefaultFileLockManager] Releasing lock on daemon addresses registry.
2021-06-20T17:41:09.586+0300 [LIFECYCLE] [org.gradle.launcher.daemon.server.Daemon] Daemon server started.
2021-06-20T17:41:09.589+0300 [DEBUG] [org.gradle.launcher.daemon.bootstrap.DaemonStartupCommunication] Completed writing the daemon greeting. Closing streams...
2021-06-20T17:41:09.599+0300 [DEBUG] [org.gradle.internal.remote.internal.inet.TcpIncomingConnector] Accepted connection from /127.0.0.1:45852 to /127.0.0.1:36871.
2021-06-20T17:41:09.602+0300 [DEBUG] [org.gradle.launcher.daemon.server.Daemon] stopOnExpiration() called on daemon
2021-06-20T17:41:09.614+0300 [DEBUG] [org.gradle.launcher.daemon.server.Daemon] awaitExpiration() called on daemon
2021-06-20T17:41:09.616+0300 [DEBUG] [org.gradle.launcher.daemon.server.DaemonStateCoordinator] daemon is running. Sleeping until state changes.
2021-06-20T17:41:09.843+0300 [DEBUG] [org.gradle.launcher.daemon.server.SynchronizedDispatchConnection] thread 18: received class org.gradle.launcher.daemon.protocol.Build
2021-06-20T17:41:09.844+0300 [DEBUG] [org.gradle.launcher.daemon.server.DefaultDaemonConnection] thread 18: Received non-IO message from client: Build{id=63c72ba2-1ac2-40d1-8214-1e9155a0ecdd, currentDir=/home/sein/StudioProjects/schoolSchedulerNew}
2021-06-20T17:41:09.845+0300 [INFO] [org.gradle.launcher.daemon.server.DefaultIncomingConnectionHandler] Received command: Build{id=63c72ba2-1ac2-40d1-8214-1e9155a0ecdd, currentDir=/home/sein/StudioProjects/schoolSchedulerNew}.
2021-06-20T17:41:09.845+0300 [DEBUG] [org.gradle.launcher.daemon.server.DefaultIncomingConnectionHandler] Starting executing command: Build{id=63c72ba2-1ac2-40d1-8214-1e9155a0ecdd, currentDir=/home/sein/StudioProjects/schoolSchedulerNew} with connection: socket connection from /127.0.0.1:36871 to /127.0.0.1:45852.
2021-06-20T17:41:09.850+0300 [ERROR] [org.gradle.launcher.daemon.server.DaemonStateCoordinator] Command execution: started DaemonCommandExecution[command = Build{id=63c72ba2-1ac2-40d1-8214-1e9155a0ecdd, currentDir=/home/sein/StudioProjects/schoolSchedulerNew}, connection = DefaultDaemonConnection: socket connection from /127.0.0.1:36871 to /127.0.0.1:45852] after 0.0 minutes of idle
2021-06-20T17:41:09.850+0300 [INFO] [org.gradle.launcher.daemon.server.DaemonRegistryUpdater] Marking the daemon as busy, address: [bae61fa4-7bff-49ea-b0bd-d0d0baa140f6 port:36871, addresses:[localhost/127.0.0.1]]
2021-06-20T17:41:09.851+0300 [DEBUG] [org.gradle.launcher.daemon.registry.PersistentDaemonRegistry] Marking busy by address: [bae61fa4-7bff-49ea-b0bd-d0d0baa140f6 port:36871, addresses:[localhost/127.0.0.1]]
2021-06-20T17:41:09.852+0300 [DEBUG] [org.gradle.cache.internal.DefaultFileLockManager] Waiting to acquire exclusive lock on daemon addresses registry.
2021-06-20T17:41:09.852+0300 [DEBUG] [org.gradle.cache.internal.DefaultFileLockManager] Lock acquired on daemon addresses registry.
2021-06-20T17:41:09.853+0300 [DEBUG] [org.gradle.cache.internal.DefaultFileLockManager] Releasing lock on daemon addresses registry.
2021-06-20T17:41:09.853+0300 [DEBUG] [org.gradle.launcher.daemon.server.DaemonStateCoordinator] resetting idle timer
2021-06-20T17:41:09.853+0300 [DEBUG] [org.gradle.launcher.daemon.server.DaemonStateCoordinator] daemon is running. Sleeping until state changes.
2021-06-20T17:41:09.856+0300 [INFO] [org.gradle.launcher.daemon.server.exec.StartBuildOrRespondWithBusy] Daemon is about to start building Build{id=63c72ba2-1ac2-40d1-8214-1e9155a0ecdd, currentDir=/home/sein/StudioProjects/schoolSchedulerNew}. Dispatching build started information...
2021-06-20T17:41:09.857+0300 [DEBUG] [org.gradle.launcher.daemon.server.SynchronizedDispatchConnection] thread 20: dispatching org.gradle.launcher.daemon.protocol.BuildStarted@49561663
2021-06-20T17:41:09.867+0300 [DEBUG] [org.gradle.launcher.daemon.server.exec.EstablishBuildEnvironment] Configuring env variables: [PATH, XAUTHORITY, LC_MEASUREMENT, INVOCATION_ID, XMODIFIERS, LC_TELEPHONE, GDMSESSION, XDG_DATA_DIRS, LC_TIME, SNAP_COMMON, SNAP_INSTANCE_KEY, SNAP_USER_COMMON, DBUS_SESSION_BUS_ADDRESS, SNAP_REVISION, XDG_CURRENT_DESKTOP, JOURNAL_STREAM, SSH_AGENT_PID, LC_PAPER, SESSION_MANAGER, USERNAME, LOGNAME, MANAGERPID, PWD, IM_CONFIG_PHASE, GJS_DEBUG_TOPICS, SHELL, LC_ADDRESS, GIO_LAUNCHED_DESKTOP_FILE, OLDPWD, BAMF_DESKTOP_FILE_HINT, GNOME_DESKTOP_SESSION_ID, GTK_MODULES, SNAP_ARCH, XDG_SESSION_DESKTOP, SNAP_LIBRARY_PATH, SHLVL, LC_IDENTIFICATION, LC_MONETARY, SNAP_NAME, QT_IM_MODULE, XDG_CONFIG_DIRS, LANG, SNAP_INSTANCE_NAME, XDG_SESSION_TYPE, GRADLE_HOME, SNAP_USER_DATA, DISPLAY, SNAP_REEXEC, SNAP_VERSION, LC_NAME, _, XDG_SESSION_CLASS, SNAP_DATA, GDK_BACKEND, DESKTOP_SESSION, GPG_AGENT_INFO, USER, SNAP, SNAP_REAL_HOME, XDG_MENU_PREFIX, GIO_LAUNCHED_DESKTOP_FILE_PID, PULSE_SERVER, WINDOWPATH, QT_ACCESSIBILITY, LC_NUMERIC, GJS_DEBUG_OUTPUT, SSH_AUTH_SOCK, GNOME_SHELL_SESSION_MODE, SNAP_CONTEXT, XDG_RUNTIME_DIR, SNAP_COOKIE, HOME]
2021-06-20T17:41:09.873+0300 [DEBUG] [org.gradle.launcher.daemon.server.SynchronizedDispatchConnection] thread 18: received class org.gradle.launcher.daemon.protocol.CloseInput
2021-06-20T17:41:09.873+0300 [DEBUG] [org.gradle.launcher.daemon.server.DefaultDaemonConnection] thread 18: Received IO message from client: org.gradle.launcher.daemon.protocol.CloseInput@26604fa6
2021-06-20T17:41:09.889+0300 [DEBUG] [org.gradle.launcher.daemon.server.exec.LogToClient] About to start relaying all logs to the client via the connection.
2021-06-20T17:41:09.890+0300 [INFO] [org.gradle.launcher.daemon.server.exec.LogToClient] The client will now receive all logging from the daemon (pid: 4760). The daemon log file: /home/sein/StudioProjects/schoolSchedulerNew/gradle/wrapper/gradle-wrapper/daemon/6.7.1/daemon-4760.out.log
2021-06-20T17:41:09.911+0300 [INFO] [org.gradle.launcher.daemon.server.exec.LogAndCheckHealth] Starting build in new daemon [memory: 2.1 GB]
2021-06-20T17:41:09.935+0300 [DEBUG] [org.gradle.launcher.daemon.server.exec.ExecuteBuild] The daemon has started executing the build.
2021-06-20T17:41:09.936+0300 [INFO] [org.gradle.launcher.daemon.server.exec.ForwardClientInput] Closing daemon's stdin at end of input.
2021-06-20T17:41:09.937+0300 [INFO] [org.gradle.launcher.daemon.server.exec.ForwardClientInput] The daemon will no longer process any standard input.
2021-06-20T17:41:09.937+0300 [DEBUG] [org.gradle.launcher.daemon.server.exec.ExecuteBuild] Executing build with daemon context: DefaultDaemonContext[uid=f05c75ab-c788-4f75-b34f-e16f0c12a805,javaHome=/snap/android-studio/105/android-studio/jre,daemonRegistryDir=/home/sein/StudioProjects/schoolSchedulerNew/gradle/wrapper/gradle-wrapper/daemon,pid=4760,idleTimeout=10800000,priority=NORMAL,daemonOpts=--add-opens,java.base/java.util=ALL-UNNAMED,--add-opens,java.base/java.lang=ALL-UNNAMED,--add-opens,java.base/java.lang.invoke=ALL-UNNAMED,--add-opens,java.prefs/java.util.prefs=ALL-UNNAMED,-Xmx2048m,-Dfile.encoding=UTF-8,-Duser.country=US,-Duser.language=en,-Duser.variant]

BUILD SUCCESSFUL in 51s
2021-06-20T17:41:57.320+0300 [DEBUG] [org.gradle.launcher.daemon.server.exec.ExecuteBuild] The daemon has finished executing the build.
2021-06-20T17:41:57.345+0300 [DEBUG] [org.gradle.launcher.daemon.server.DaemonStateCoordinator] daemon is running. Sleeping until state changes.
2021-06-20T17:41:57.345+0300 [DEBUG] [org.gradle.launcher.daemon.server.DaemonStateCoordinator] Command execution: finished waiting for DaemonCommandExecution[command = Build{id=63c72ba2-1ac2-40d1-8214-1e9155a0ecdd, currentDir=/home/sein/StudioProjects/schoolSchedulerNew}, connection = DefaultDaemonConnection: socket connection from /127.0.0.1:36871 to /127.0.0.1:45852]. Result org.gradle.launcher.daemon.server.DaemonStateCoordinator@63b7b424 with state Busy
2021-06-20T17:41:57.346+0300 [DEBUG] [org.gradle.launcher.daemon.server.DaemonStateCoordinator] Command execution: completed DaemonCommandExecution[command = Build{id=63c72ba2-1ac2-40d1-8214-1e9155a0ecdd, currentDir=/home/sein/StudioProjects/schoolSchedulerNew}, connection = DefaultDaemonConnection: socket connection from /127.0.0.1:36871 to /127.0.0.1:45852]
2021-06-20T17:41:57.346+0300 [DEBUG] [org.gradle.launcher.daemon.server.DaemonStateCoordinator] resetting idle timer
2021-06-20T17:41:57.346+0300 [INFO] [org.gradle.launcher.daemon.server.DaemonRegistryUpdater] Marking the daemon as idle, address: [bae61fa4-7bff-49ea-b0bd-d0d0baa140f6 port:36871, addresses:[localhost/127.0.0.1]]
2021-06-20T17:41:57.346+0300 [DEBUG] [org.gradle.launcher.daemon.registry.PersistentDaemonRegistry] Marking busy by address: [bae61fa4-7bff-49ea-b0bd-d0d0baa140f6 port:36871, addresses:[localhost/127.0.0.1]]
2021-06-20T17:41:57.347+0300 [DEBUG] [org.gradle.cache.internal.DefaultFileLockManager] Waiting to acquire exclusive lock on daemon addresses registry.
2021-06-20T17:41:57.347+0300 [DEBUG] [org.gradle.cache.internal.DefaultFileLockManager] Lock acquired on daemon addresses registry.
2021-06-20T17:41:57.348+0300 [DEBUG] [org.gradle.cache.internal.DefaultFileLockManager] Releasing lock on daemon addresses registry.
2021-06-20T17:41:57.348+0300 [DEBUG] [org.gradle.launcher.daemon.server.DaemonStateCoordinator] daemon is running. Sleeping until state changes.
2021-06-20T17:41:57.349+0300 [DEBUG] [org.gradle.launcher.daemon.server.exec.ReturnResult] Daemon is dispatching the build result: Success[value=org.gradle.launcher.exec.BuildActionResult@35745198]
2021-06-20T17:41:57.349+0300 [DEBUG] [org.gradle.launcher.daemon.server.SynchronizedDispatchConnection] thread 17: dispatching Success[value=org.gradle.launcher.exec.BuildActionResult@35745198]
2021-06-20T17:41:57.353+0300 [DEBUG] [org.gradle.launcher.daemon.server.SynchronizedDispatchConnection] thread 18: received class org.gradle.launcher.daemon.protocol.Finished
2021-06-20T17:41:57.354+0300 [DEBUG] [org.gradle.launcher.daemon.server.DefaultDaemonConnection] thread 18: Received non-IO message from client: org.gradle.launcher.daemon.protocol.Finished@4d09f0c6
2021-06-20T17:41:57.354+0300 [DEBUG] [org.gradle.internal.remote.internal.inet.SocketConnection] Discarding EOFException: java.io.EOFException
2021-06-20T17:41:57.357+0300 [DEBUG] [org.gradle.launcher.daemon.server.DefaultIncomingConnectionHandler] Finishing executing command: Build{id=63c72ba2-1ac2-40d1-8214-1e9155a0ecdd, currentDir=/home/sein/StudioProjects/schoolSchedulerNew}
2021-06-20T17:41:57.362+0300 [DEBUG] [org.gradle.launcher.daemon.server.SynchronizedDispatchConnection] thread 18: received null
2021-06-20T17:41:57.362+0300 [DEBUG] [org.gradle.launcher.daemon.server.DefaultIncomingConnectionHandler] Received finished message: org.gradle.launcher.daemon.protocol.Finished@4d09f0c6
2021-06-20T17:41:57.362+0300 [DEBUG] [org.gradle.launcher.daemon.server.DefaultDaemonConnection] thread 18: Received end-of-input from client.
2021-06-20T17:41:57.362+0300 [DEBUG] [org.gradle.launcher.daemon.server.SynchronizedDispatchConnection] thread 17: stopping connection
2021-06-20T17:41:57.365+0300 [DEBUG] [org.gradle.launcher.daemon.server.SynchronizedDispatchConnection] thread 17: stopping connection
2021-06-20T17:41:57.547+0300 [DEBUG] [org.gradle.cache.internal.LockOnDemandCrossProcessCacheAccess] Lock on jars (/home/sein/StudioProjects/schoolSchedulerNew/gradle/wrapper/gradle-wrapper/caches/jars-8) requested by another process - releasing lock.
2021-06-20T17:41:57.548+0300 [DEBUG] [org.gradle.cache.internal.LockOnDemandCrossProcessCacheAccess] Releasing file lock for jars (/home/sein/StudioProjects/schoolSchedulerNew/gradle/wrapper/gradle-wrapper/caches/jars-8)
2021-06-20T17:41:57.548+0300 [DEBUG] [org.gradle.cache.internal.DefaultFileLockManager] Releasing lock on jars (/home/sein/StudioProjects/schoolSchedulerNew/gradle/wrapper/gradle-wrapper/caches/jars-8).
2021-06-20T17:41:57.549+0300 [DEBUG] [org.gradle.cache.internal.locklistener.FileLockCommunicator] Confirming lock release to Gradle process at port 49186 for lock with id 2495174764160015431.
2021-06-20T17:41:57.549+0300 [DEBUG] [org.gradle.cache.internal.locklistener.FileLockCommunicator] Confirming lock release to Gradle process at port 49186 for lock with id 2495174764160015431.
2021-06-20T17:41:57.552+0300 [DEBUG] [org.gradle.cache.internal.LockOnDemandCrossProcessCacheAccess] Lock on file hash cache (/home/sein/StudioProjects/schoolSchedulerNew/gradle/wrapper/gradle-wrapper/caches/6.7.1/fileHashes) requested by another process - releasing lock.
2021-06-20T17:41:57.552+0300 [DEBUG] [org.gradle.cache.internal.LockOnDemandCrossProcessCacheAccess] Releasing file lock for file hash cache (/home/sein/StudioProjects/schoolSchedulerNew/gradle/wrapper/gradle-wrapper/caches/6.7.1/fileHashes)
2021-06-20T17:41:57.553+0300 [DEBUG] [org.gradle.cache.internal.btree.BTreePersistentIndexedCache] Closing cache fileHashes.bin (/home/sein/StudioProjects/schoolSchedulerNew/gradle/wrapper/gradle-wrapper/caches/6.7.1/fileHashes/fileHashes.bin)
2021-06-20T17:41:57.553+0300 [DEBUG] [org.gradle.cache.internal.btree.BTreePersistentIndexedCache] Closing cache resourceHashesCache.bin (/home/sein/StudioProjects/schoolSchedulerNew/gradle/wrapper/gradle-wrapper/caches/6.7.1/fileHashes/resourceHashesCache.bin)
2021-06-20T17:41:57.553+0300 [DEBUG] [org.gradle.cache.internal.DefaultFileLockManager] Releasing lock on file hash cache (/home/sein/StudioProjects/schoolSchedulerNew/gradle/wrapper/gradle-wrapper/caches/6.7.1/fileHashes).
2021-06-20T17:41:57.554+0300 [DEBUG] [org.gradle.cache.internal.locklistener.FileLockCommunicator] Confirming lock release to Gradle process at port 49186 for lock with id 3207381612455701307.
2021-06-20T17:41:57.554+0300 [DEBUG] [org.gradle.cache.internal.locklistener.FileLockCommunicator] Confirming lock release to Gradle process at port 49186 for lock with id 3207381612455701307.
2021-06-20T17:41:57.561+0300 [DEBUG] [org.gradle.cache.internal.LockOnDemandCrossProcessCacheAccess] Lock on journal cache (/home/sein/StudioProjects/schoolSchedulerNew/gradle/wrapper/gradle-wrapper/caches/journal-1) requested by another process - releasing lock.
2021-06-20T17:41:57.561+0300 [DEBUG] [org.gradle.cache.internal.LockOnDemandCrossProcessCacheAccess] Releasing file lock for journal cache (/home/sein/StudioProjects/schoolSchedulerNew/gradle/wrapper/gradle-wrapper/caches/journal-1)
2021-06-20T17:41:57.561+0300 [DEBUG] [org.gradle.cache.internal.btree.BTreePersistentIndexedCache] Closing cache file-access.bin (/home/sein/StudioProjects/schoolSchedulerNew/gradle/wrapper/gradle-wrapper/caches/journal-1/file-access.bin)
2021-06-20T17:41:57.562+0300 [DEBUG] [org.gradle.cache.internal.DefaultFileLockManager] Releasing lock on journal cache (/home/sein/StudioProjects/schoolSchedulerNew/gradle/wrapper/gradle-wrapper/caches/journal-1).
2021-06-20T17:41:57.562+0300 [DEBUG] [org.gradle.cache.internal.locklistener.FileLockCommunicator] Confirming lock release to Gradle process at port 49186 for lock with id -4948051572563255637.
2021-06-20T17:41:57.562+0300 [DEBUG] [org.gradle.cache.internal.locklistener.FileLockCommunicator] Confirming lock release to Gradle process at port 49186 for lock with id -4948051572563255637.
2021-06-20T17:41:57.929+0300 [DEBUG] [org.gradle.cache.internal.LockOnDemandCrossProcessCacheAccess] Lock on artifact cache (/home/sein/StudioProjects/schoolSchedulerNew/gradle/wrapper/gradle-wrapper/caches/modules-2) requested by another process - releasing lock.
2021-06-20T17:41:57.929+0300 [DEBUG] [org.gradle.cache.internal.LockOnDemandCrossProcessCacheAccess] Releasing file lock for artifact cache (/home/sein/StudioProjects/schoolSchedulerNew/gradle/wrapper/gradle-wrapper/caches/modules-2)
2021-06-20T17:41:57.929+0300 [DEBUG] [org.gradle.cache.internal.btree.BTreePersistentIndexedCache] Closing cache module-artifacts.bin (/home/sein/StudioProjects/schoolSchedulerNew/gradle/wrapper/gradle-wrapper/caches/modules-2/metadata-2.96/module-artifacts.bin)
2021-06-20T17:41:57.930+0300 [DEBUG] [org.gradle.cache.internal.btree.BTreePersistentIndexedCache] Closing cache module-metadata.bin (/home/sein/StudioProjects/schoolSchedulerNew/gradle/wrapper/gradle-wrapper/caches/modules-2/metadata-2.96/module-metadata.bin)
2021-06-20T17:41:57.930+0300 [DEBUG] [org.gradle.cache.internal.btree.BTreePersistentIndexedCache] Closing cache module-artifact.bin (/home/sein/StudioProjects/schoolSchedulerNew/gradle/wrapper/gradle-wrapper/caches/modules-2/metadata-2.96/module-artifact.bin)
2021-06-20T17:41:57.930+0300 [DEBUG] [org.gradle.cache.internal.DefaultFileLockManager] Releasing lock on artifact cache (/home/sein/StudioProjects/schoolSchedulerNew/gradle/wrapper/gradle-wrapper/caches/modules-2).
2021-06-20T17:41:57.930+0300 [DEBUG] [org.gradle.cache.internal.locklistener.FileLockCommunicator] Confirming lock release to Gradle process at port 49186 for lock with id 281667443324044934.
2021-06-20T17:41:57.931+0300 [DEBUG] [org.gradle.cache.internal.locklistener.FileLockCommunicator] Confirming lock release to Gradle process at port 49186 for lock with id 281667443324044934.
2021-06-20T17:41:59.177+0300 [DEBUG] [org.gradle.cache.internal.LockOnDemandCrossProcessCacheAccess] Lock on Artifact transforms cache (/home/sein/StudioProjects/schoolSchedulerNew/gradle/wrapper/gradle-wrapper/caches/transforms-2) requested by another process - releasing lock.
2021-06-20T17:41:59.177+0300 [DEBUG] [org.gradle.cache.internal.LockOnDemandCrossProcessCacheAccess] Releasing file lock for Artifact transforms cache (/home/sein/StudioProjects/schoolSchedulerNew/gradle/wrapper/gradle-wrapper/caches/transforms-2)
2021-06-20T17:41:59.177+0300 [DEBUG] [org.gradle.cache.internal.DefaultFileLockManager] Releasing lock on Artifact transforms cache (/home/sein/StudioProjects/schoolSchedulerNew/gradle/wrapper/gradle-wrapper/caches/transforms-2).
2021-06-20T17:41:59.178+0300 [DEBUG] [org.gradle.cache.internal.locklistener.FileLockCommunicator] Confirming lock release to Gradle process at port 49186 for lock with id 4222244753094624470.
2021-06-20T17:41:59.178+0300 [DEBUG] [org.gradle.cache.internal.locklistener.FileLockCommunicator] Confirming lock release to Gradle process at port 49186 for lock with id 4222244753094624470.
2021-06-20T17:41:59.181+0300 [DEBUG] [org.gradle.cache.internal.LockOnDemandCrossProcessCacheAccess] Lock on execution history cache (/home/sein/StudioProjects/schoolSchedulerNew/gradle/wrapper/gradle-wrapper/caches/6.7.1/executionHistory) requested by another process - releasing lock.
2021-06-20T17:41:59.181+0300 [DEBUG] [org.gradle.cache.internal.LockOnDemandCrossProcessCacheAccess] Releasing file lock for execution history cache (/home/sein/StudioProjects/schoolSchedulerNew/gradle/wrapper/gradle-wrapper/caches/6.7.1/executionHistory)
2021-06-20T17:41:59.182+0300 [DEBUG] [org.gradle.cache.internal.btree.BTreePersistentIndexedCache] Closing cache executionHistory.bin (/home/sein/StudioProjects/schoolSchedulerNew/gradle/wrapper/gradle-wrapper/caches/6.7.1/executionHistory/executionHistory.bin)
2021-06-20T17:41:59.182+0300 [DEBUG] [org.gradle.cache.internal.DefaultFileLockManager] Releasing lock on execution history cache (/home/sein/StudioProjects/schoolSchedulerNew/gradle/wrapper/gradle-wrapper/caches/6.7.1/executionHistory).
2021-06-20T17:41:59.182+0300 [DEBUG] [org.gradle.cache.internal.locklistener.FileLockCommunicator] Confirming lock release to Gradle process at port 49186 for lock with id -1397112066496110345.
2021-06-20T17:41:59.182+0300 [DEBUG] [org.gradle.cache.internal.locklistener.FileLockCommunicator] Confirming lock release to Gradle process at port 49186 for lock with id -1397112066496110345.
2021-06-20T17:41:59.614+0300 [DEBUG] [org.gradle.cache.internal.DefaultFileLockManager] Waiting to acquire shared lock on daemon addresses registry.
2021-06-20T17:41:59.614+0300 [DEBUG] [org.gradle.cache.internal.DefaultFileLockManager] Lock acquired on daemon addresses registry.
2021-06-20T17:41:59.615+0300 [DEBUG] [org.gradle.cache.internal.DefaultFileLockManager] Releasing lock on daemon addresses registry.
2021-06-20T17:41:59.615+0300 [DEBUG] [org.gradle.cache.internal.DefaultFileLockManager] Waiting to acquire shared lock on daemon addresses registry.
2021-06-20T17:41:59.615+0300 [DEBUG] [org.gradle.cache.internal.DefaultFileLockManager] Lock acquired on daemon addresses registry.
2021-06-20T17:41:59.616+0300 [DEBUG] [org.gradle.cache.internal.DefaultFileLockManager] Releasing lock on daemon addresses registry.
2021-06-20T17:42:09.614+0300 [DEBUG] [org.gradle.cache.internal.DefaultFileLockManager] Waiting to acquire shared lock on daemon addresses registry.
2021-06-20T17:42:09.615+0300 [DEBUG] [org.gradle.cache.internal.DefaultFileLockManager] Lock acquired on daemon addresses registry.
2021-06-20T17:42:09.615+0300 [DEBUG] [org.gradle.cache.internal.DefaultFileLockManager] Releasing lock on daemon addresses registry.
2021-06-20T17:42:09.616+0300 [DEBUG] [org.gradle.cache.internal.DefaultFileLockManager] Waiting to acquire shared lock on daemon addresses registry.
2021-06-20T17:42:09.616+0300 [DEBUG] [org.gradle.cache.internal.DefaultFileLockManager] Lock acquired on daemon addresses registry.
2021-06-20T17:42:09.616+0300 [DEBUG] [org.gradle.cache.internal.DefaultFileLockManager] Releasing lock on daemon addresses registry.
2021-06-20T17:42:09.617+0300 [DEBUG] [org.gradle.cache.internal.DefaultFileLockManager] Waiting to acquire shared lock on daemon addresses registry.
2021-06-20T17:42:09.617+0300 [DEBUG] [org.gradle.cache.internal.DefaultFileLockManager] Lock acquired on daemon addresses registry.
2021-06-20T17:42:09.617+0300 [DEBUG] [org.gradle.cache.internal.DefaultFileLockManager] Releasing lock on daemon addresses registry.
2021-06-20T17:42:09.618+0300 [DEBUG] [org.gradle.cache.internal.DefaultFileLockManager] Waiting to acquire shared lock on daemon addresses registry.
2021-06-20T17:42:09.618+0300 [DEBUG] [org.gradle.cache.internal.DefaultFileLockManager] Lock acquired on daemon addresses registry.
2021-06-20T17:42:09.618+0300 [DEBUG] [org.gradle.cache.internal.DefaultFileLockManager] Releasing lock on daemon addresses registry.
2021-06-20T17:42:09.618+0300 [DEBUG] [org.gradle.launcher.daemon.server.DaemonRegistryUpdater] Storing daemon stop event: other compatible daemons were started and after being idle for 0 minutes and not recently used
2021-06-20T17:42:09.620+0300 [DEBUG] [org.gradle.launcher.daemon.registry.PersistentDaemonRegistry] Storing daemon stop event with timestamp 1624200129618
2021-06-20T17:42:09.623+0300 [DEBUG] [org.gradle.cache.internal.DefaultFileLockManager] Waiting to acquire exclusive lock on daemon addresses registry.
2021-06-20T17:42:09.624+0300 [DEBUG] [org.gradle.cache.internal.DefaultFileLockManager] Lock acquired on daemon addresses registry.
2021-06-20T17:42:09.626+0300 [DEBUG] [org.gradle.cache.internal.DefaultFileLockManager] Releasing lock on daemon addresses registry.
2021-06-20T17:42:09.626+0300 [LIFECYCLE] [org.gradle.launcher.daemon.server.DaemonStateCoordinator] Daemon will be stopped at the end of the build other compatible daemons were started and after being idle for 0 minutes and not recently used
2021-06-20T17:42:09.627+0300 [DEBUG] [org.gradle.launcher.daemon.server.DaemonStateCoordinator] Marking daemon stopped due to other compatible daemons were started and after being idle for 0 minutes and not recently used. The daemon is running a build: false
2021-06-20T17:42:09.627+0300 [DEBUG] [org.gradle.launcher.daemon.server.DaemonStateCoordinator] daemon has stopped.
2021-06-20T17:42:09.627+0300 [DEBUG] [org.gradle.launcher.daemon.server.Daemon] stop() called on daemon
2021-06-20T17:42:09.627+0300 [INFO] [org.gradle.launcher.daemon.server.Daemon] Stop requested. Daemon is removing its presence from the registry...
2021-06-20T17:42:09.628+0300 [DEBUG] [org.gradle.launcher.daemon.server.DaemonRegistryUpdater] Removing our presence to clients, eg. removing this address from the registry: [bae61fa4-7bff-49ea-b0bd-d0d0baa140f6 port:36871, addresses:[localhost/127.0.0.1]]
2021-06-20T17:42:09.628+0300 [DEBUG] [org.gradle.launcher.daemon.registry.PersistentDaemonRegistry] Removing daemon address: [bae61fa4-7bff-49ea-b0bd-d0d0baa140f6 port:36871, addresses:[localhost/127.0.0.1]]
2021-06-20T17:42:09.629+0300 [DEBUG] [org.gradle.cache.internal.DefaultFileLockManager] Waiting to acquire exclusive lock on daemon addresses registry.
2021-06-20T17:42:09.629+0300 [DEBUG] [org.gradle.cache.internal.DefaultFileLockManager] Lock acquired on daemon addresses registry.
2021-06-20T17:42:09.631+0300 [DEBUG] [org.gradle.cache.internal.DefaultFileLockManager] Releasing lock on daemon addresses registry.
2021-06-20T17:42:09.632+0300 [DEBUG] [org.gradle.launcher.daemon.server.DaemonRegistryUpdater] Address removed from registry.
2021-06-20T17:42:09.716+0300 [DEBUG] [org.gradle.cache.internal.DefaultCacheAccess] Cache jars (/home/sein/StudioProjects/schoolSchedulerNew/gradle/wrapper/gradle-wrapper/caches/jars-8) was closed 9 times.
2021-06-20T17:42:09.722+0300 [DEBUG] [org.gradle.cache.internal.LockOnDemandCrossProcessCacheAccess] Releasing file lock for file content cache (/home/sein/StudioProjects/schoolSchedulerNew/gradle/wrapper/gradle-wrapper/caches/6.7.1/fileContent)
2021-06-20T17:42:09.723+0300 [DEBUG] [org.gradle.cache.internal.DefaultFileLockManager] Releasing lock on file content cache (/home/sein/StudioProjects/schoolSchedulerNew/gradle/wrapper/gradle-wrapper/caches/6.7.1/fileContent).
2021-06-20T17:42:09.723+0300 [DEBUG] [org.gradle.cache.internal.DefaultCacheAccess] Cache file content cache (/home/sein/StudioProjects/schoolSchedulerNew/gradle/wrapper/gradle-wrapper/caches/6.7.1/fileContent) was closed 2 times.
2021-06-20T17:42:09.724+0300 [DEBUG] [org.gradle.cache.internal.DefaultCacheAccess] Cache Artifact transforms cache (/home/sein/StudioProjects/schoolSchedulerNew/gradle/wrapper/gradle-wrapper/caches/transforms-2) was closed 2 times.
2021-06-20T17:42:09.724+0300 [DEBUG] [org.gradle.cache.internal.DefaultCacheAccess] Cache artifact cache (/home/sein/StudioProjects/schoolSchedulerNew/gradle/wrapper/gradle-wrapper/caches/modules-2) was closed 90 times.
2021-06-20T17:42:09.725+0300 [DEBUG] [org.gradle.cache.internal.DefaultCacheAccess] Cache Generated Gradle JARs cache (/home/sein/StudioProjects/schoolSchedulerNew/gradle/wrapper/gradle-wrapper/caches/6.7.1/generated-gradle-jars) was closed 0 times.
2021-06-20T17:42:09.726+0300 [DEBUG] [org.gradle.cache.internal.DefaultCacheAccess] Cache journal cache (/home/sein/StudioProjects/schoolSchedulerNew/gradle/wrapper/gradle-wrapper/caches/journal-1) was closed 13 times.
2021-06-20T17:42:09.728+0300 [DEBUG] [org.gradle.cache.internal.DefaultCacheAccess] Cache file hash cache (/home/sein/StudioProjects/schoolSchedulerNew/gradle/wrapper/gradle-wrapper/caches/6.7.1/fileHashes) was closed 10 times.
2021-06-20T17:42:09.729+0300 [DEBUG] [org.gradle.cache.internal.DefaultCacheAccess] Cache execution history cache (/home/sein/StudioProjects/schoolSchedulerNew/gradle/wrapper/gradle-wrapper/caches/6.7.1/executionHistory) was closed 2 times.
2021-06-20T17:42:09.819+0300 [DEBUG] [org.gradle.cache.internal.VersionSpecificCacheCleanupAction] Processed version-specific caches at /home/sein/StudioProjects/schoolSchedulerNew/gradle/wrapper/gradle-wrapper/caches for cleanup in 0.089 secs
Daemon vm is shutting down... The daemon has exited normally or was terminated in response to a user interrupt.
2021-06-20T17:42:09.871+0300 [DEBUG] [org.gradle.launcher.daemon.registry.PersistentDaemonRegistry] Removing daemon address: [bae61fa4-7bff-49ea-b0bd-d0d0baa140f6 port:36871, addresses:[localhost/127.0.0.1]]
2021-06-20T17:42:09.872+0300 [DEBUG] [org.gradle.cache.internal.DefaultFileLockManager] Waiting to acquire exclusive lock on daemon addresses registry.
2021-06-20T17:42:09.872+0300 [DEBUG] [org.gradle.cache.internal.DefaultFileLockManager] Lock acquired on daemon addresses registry.
2021-06-20T17:42:09.874+0300 [DEBUG] [org.gradle.cache.internal.DefaultFileLockManager] Releasing lock on daemon addresses registry.
